[debug] [2022-11-26T06:20:17.881Z] ----------------------------------------------------------------------
[debug] [2022-11-26T06:20:17.883Z] Command:       C:\Program Files\nodejs\node.exe C:\Users\SaddamMousumi\AppData\Roaming\npm\node_modules\firebase-tools\lib\bin\firebase.js init
[debug] [2022-11-26T06:20:17.883Z] CLI Version:   11.15.0
[debug] [2022-11-26T06:20:17.883Z] Platform:      win32
[debug] [2022-11-26T06:20:17.884Z] Node Version:  v18.12.0
[debug] [2022-11-26T06:20:17.890Z] Time:          Sat Nov 26 2022 12:20:17 GMT+0600 (Bangladesh Standard Time)
[debug] [2022-11-26T06:20:17.890Z] ----------------------------------------------------------------------
[debug] 
[debug] [2022-11-26T06:20:17.894Z] >>> [apiv2][query] GET https://firebase-public.firebaseio.com/cli.json [none]
[debug] [2022-11-26T06:20:17.937Z] > command requires scopes: ["email","openid","https://www.googleapis.com/auth/cloudplatformprojects.readonly","https://www.googleapis.com/auth/firebase","https://www.googleapis.com/auth/cloud-platform"]
[debug] [2022-11-26T06:20:17.937Z] > authorizing via signed-in user (am6555264@gmail.com)
[info] 
     ######## #### ########  ######## ########     ###     ######  ########
     ##        ##  ##     ## ##       ##     ##  ##   ##  ##       ##
     ######    ##  ########  ######   ########  #########  ######  ######
     ##        ##  ##    ##  ##       ##     ## ##     ##       ## ##
     ##       #### ##     ## ######## ########  ##     ##  ######  ########

You're about to initialize a Firebase project in this directory:

  C:\projects\last-assignment-client

Before we get started, keep in mind:

  * You are currently outside your home directory

[debug] [2022-11-26T06:20:18.985Z] <<< [apiv2][status] GET https://firebase-public.firebaseio.com/cli.json 200
[debug] [2022-11-26T06:20:18.986Z] <<< [apiv2][body] GET https://firebase-public.firebaseio.com/cli.json {"cloudBuildErrorAfter":1594252800000,"cloudBuildWarnAfter":1590019200000,"defaultNode10After":1594252800000,"minVersion":"3.0.5","node8DeploysDisabledAfter":1613390400000,"node8RuntimeDisabledAfter":1615809600000,"node8WarnAfter":1600128000000}
[info] 
=== Project Setup
[info] 
[info] First, let's associate this project directory with a Firebase project.
[info] You can create multiple project aliases by running firebase use --add, 
[info] but for now we'll just set up a default project.
[info] 
[debug] [2022-11-26T06:21:39.024Z] > refreshing access token with scopes: []
[debug] [2022-11-26T06:21:39.025Z] >>> [apiv2][query] POST https://www.googleapis.com/oauth2/v3/token [none]
[debug] [2022-11-26T06:21:39.025Z] >>> [apiv2][body] POST https://www.googleapis.com/oauth2/v3/token [omitted]
[debug] [2022-11-26T06:21:39.413Z] <<< [apiv2][status] POST https://www.googleapis.com/oauth2/v3/token 200
[debug] [2022-11-26T06:21:39.413Z] <<< [apiv2][body] POST https://www.googleapis.com/oauth2/v3/token [omitted]
[debug] [2022-11-26T06:21:39.426Z] >>> [apiv2][query] GET https://firebase.googleapis.com/v1beta1/projects pageSize=100
[debug] [2022-11-26T06:21:40.418Z] <<< [apiv2][status] GET https://firebase.googleapis.com/v1beta1/projects 200
[debug] [2022-11-26T06:21:40.418Z] <<< [apiv2][body] GET https://firebase.googleapis.com/v1beta1/projects [omitted]
[debug] [2022-11-26T06:28:17.183Z] ----------------------------------------------------------------------
[debug] [2022-11-26T06:28:17.186Z] Command:       C:\Program Files\nodejs\node.exe C:\Users\SaddamMousumi\AppData\Roaming\npm\node_modules\firebase-tools\lib\bin\firebase.js init
[debug] [2022-11-26T06:28:17.187Z] CLI Version:   11.15.0
[debug] [2022-11-26T06:28:17.187Z] Platform:      win32
[debug] [2022-11-26T06:28:17.187Z] Node Version:  v18.12.0
[debug] [2022-11-26T06:28:17.199Z] Time:          Sat Nov 26 2022 12:28:17 GMT+0600 (Bangladesh Standard Time)
[debug] [2022-11-26T06:28:17.199Z] ----------------------------------------------------------------------
[debug] 
[debug] [2022-11-26T06:28:17.209Z] > command requires scopes: ["email","openid","https://www.googleapis.com/auth/cloudplatformprojects.readonly","https://www.googleapis.com/auth/firebase","https://www.googleapis.com/auth/cloud-platform"]
[debug] [2022-11-26T06:28:17.210Z] > authorizing via signed-in user (am6555264@gmail.com)
[info] 
     ######## #### ########  ######## ########     ###     ######  ########
     ##        ##  ##     ## ##       ##     ##  ##   ##  ##       ##
     ######    ##  ########  ######   ########  #########  ######  ######
     ##        ##  ##    ##  ##       ##     ## ##     ##       ## ##
     ##       #### ##     ## ######## ########  ##     ##  ######  ########

You're about to initialize a Firebase project in this directory:

  C:\projects\last-assignment-client

Before we get started, keep in mind:

  * You are currently outside your home directory

[info] 
=== Project Setup
[info] 
[info] First, let's associate this project directory with a Firebase project.
[info] You can create multiple project aliases by running firebase use --add, 
[info] but for now we'll just set up a default project.
[info] 
[debug] [2022-11-26T06:29:22.365Z] >>> [apiv2][query] GET https://firebase.googleapis.com/v1beta1/projects pageSize=100
[debug] [2022-11-26T06:29:24.276Z] <<< [apiv2][status] GET https://firebase.googleapis.com/v1beta1/projects 200
[debug] [2022-11-26T06:29:24.276Z] <<< [apiv2][body] GET https://firebase.googleapis.com/v1beta1/projects [omitted]
